<?xml version="1.0" encoding="UTF-8"?>
<!-- Generated by org.testng.reporters.JUnitReportReporter -->
<testsuite hostname="LSTKTR233805" failures="1" tests="5" name="app.tsd.TSD_Cart" time="26.617" errors="0" timestamp="2022-06-23T15:17:22 CDT" skipped="2">
  <testcase classname="app.tsd.TSD_Cart" name="addItemsToCart" time="12.493"/>
  <system-out/>
  <testcase classname="app.tsd.TSD_Cart" name="changeQuantityofCart" time="3.423"/>
  <system-out/>
  <testcase classname="app.tsd.TSD_Cart" name="createNewAccount" time="10.701">
    <failure message="User already exist - Expected condition failed: waiting for visibility of element located by By.xpath: //div[@class=&#039;alert alert-notice&#039;] (tried for 10 second(s) with 500 milliseconds interval)" type="java.lang.AssertionError">
      <![CDATA[java.lang.AssertionError: User already exist - Expected condition failed: waiting for visibility of element located by By.xpath: //div[@class='alert alert-notice'] (tried for 10 second(s) with 500 milliseconds interval)
at org.testng.Assert.fail(Assert.java:99)
at app.tsd.TSD_Cart.createNewAccount(TSD_Cart.java:63)
at java.base/jdk.internal.reflect.NativeMethodAccessorImpl.invoke0(Native Method)
at java.base/jdk.internal.reflect.NativeMethodAccessorImpl.invoke(NativeMethodAccessorImpl.java:77)
at java.base/jdk.internal.reflect.DelegatingMethodAccessorImpl.invoke(DelegatingMethodAccessorImpl.java:43)
at java.base/java.lang.reflect.Method.invoke(Method.java:568)
at org.testng.internal.MethodInvocationHelper.invokeMethod(MethodInvocationHelper.java:133)
at org.testng.internal.TestInvoker.invokeMethod(TestInvoker.java:598)
at org.testng.internal.TestInvoker.invokeTestMethod(TestInvoker.java:173)
at org.testng.internal.MethodRunner.runInSequence(MethodRunner.java:46)
at org.testng.internal.TestInvoker$MethodInvocationAgent.invoke(TestInvoker.java:824)
at org.testng.internal.TestInvoker.invokeTestMethods(TestInvoker.java:146)
at org.testng.internal.TestMethodWorker.invokeTestMethods(TestMethodWorker.java:146)
at org.testng.internal.TestMethodWorker.run(TestMethodWorker.java:128)
at java.base/java.util.ArrayList.forEach(ArrayList.java:1511)
at org.testng.TestRunner.privateRun(TestRunner.java:794)
at org.testng.TestRunner.run(TestRunner.java:596)
at org.testng.SuiteRunner.runTest(SuiteRunner.java:377)
at org.testng.SuiteRunner.runSequentially(SuiteRunner.java:371)
at org.testng.SuiteRunner.privateRun(SuiteRunner.java:332)
at org.testng.SuiteRunner.run(SuiteRunner.java:276)
at org.testng.SuiteRunnerWorker.runSuite(SuiteRunnerWorker.java:53)
at org.testng.SuiteRunnerWorker.run(SuiteRunnerWorker.java:96)
at org.testng.TestNG.runSuitesSequentially(TestNG.java:1212)
at org.testng.TestNG.runSuitesLocally(TestNG.java:1134)
at org.testng.TestNG.runSuites(TestNG.java:1063)
at org.testng.TestNG.run(TestNG.java:1031)
at org.testng.remote.AbstractRemoteTestNG.run(AbstractRemoteTestNG.java:115)
at org.testng.remote.RemoteTestNG.initAndRun(RemoteTestNG.java:251)
at org.testng.remote.RemoteTestNG.main(RemoteTestNG.java:77)
]]>
    </failure>
  </testcase> <!-- createNewAccount -->
  <system-out/>
  <testcase classname="app.tsd.TSD_Cart" name="fillAddress" time="0.000">
    <skipped/>
  </testcase> <!-- fillAddress -->
  <system-out/>
  <testcase classname="app.tsd.TSD_Cart" name="completeDelivery" time="0.000">
    <skipped/>
  </testcase> <!-- completeDelivery -->
  <system-out/>
</testsuite> <!-- app.tsd.TSD_Cart -->
